C:\Users\Vardaan.s\source\repos\BookMyShowWebAPI\BookMyShowWebAPI\ClientApp\dist\out-tsc\e2e\src\app.po.js
C:\Users\Vardaan.s\source\repos\BookMyShowWebAPI\BookMyShowWebAPI\ClientApp\dist\out-tsc\e2e\src\app.po.js.map
C:\Users\Vardaan.s\source\repos\BookMyShowWebAPI\BookMyShowWebAPI\ClientApp\dist\out-tsc\e2e\src\app.e2e-spec.js
C:\Users\Vardaan.s\source\repos\BookMyShowWebAPI\BookMyShowWebAPI\ClientApp\dist\out-tsc\e2e\src\app.e2e-spec.js.map
C:\Users\Vardaan.s\source\repos\BookMyShowWebAPI\BookMyShowWebAPI\ClientApp\dist\out-tsc\src\app\Model\movie.js
C:\Users\Vardaan.s\source\repos\BookMyShowWebAPI\BookMyShowWebAPI\ClientApp\dist\out-tsc\src\app\Model\movie.js.map
C:\Users\Vardaan.s\source\repos\BookMyShowWebAPI\BookMyShowWebAPI\ClientApp\dist\out-tsc\src\app\service\movie.service.js
C:\Users\Vardaan.s\source\repos\BookMyShowWebAPI\BookMyShowWebAPI\ClientApp\dist\out-tsc\src\app\service\movie.service.js.map
C:\Users\Vardaan.s\source\repos\BookMyShowWebAPI\BookMyShowWebAPI\ClientApp\dist\out-tsc\src\app\movies\movies.component.js
C:\Users\Vardaan.s\source\repos\BookMyShowWebAPI\BookMyShowWebAPI\ClientApp\dist\out-tsc\src\app\movies\movies.component.js.map
C:\Users\Vardaan.s\source\repos\BookMyShowWebAPI\BookMyShowWebAPI\ClientApp\dist\out-tsc\src\app\movies\movie-detail\movie-detail.component.js
C:\Users\Vardaan.s\source\repos\BookMyShowWebAPI\BookMyShowWebAPI\ClientApp\dist\out-tsc\src\app\movies\movie-detail\movie-detail.component.js.map
C:\Users\Vardaan.s\source\repos\BookMyShowWebAPI\BookMyShowWebAPI\ClientApp\dist\out-tsc\src\app\Model\theater.js
C:\Users\Vardaan.s\source\repos\BookMyShowWebAPI\BookMyShowWebAPI\ClientApp\dist\out-tsc\src\app\Model\theater.js.map
C:\Users\Vardaan.s\source\repos\BookMyShowWebAPI\BookMyShowWebAPI\ClientApp\dist\out-tsc\src\app\service\theater.service.js
C:\Users\Vardaan.s\source\repos\BookMyShowWebAPI\BookMyShowWebAPI\ClientApp\dist\out-tsc\src\app\service\theater.service.js.map
C:\Users\Vardaan.s\source\repos\BookMyShowWebAPI\BookMyShowWebAPI\ClientApp\dist\out-tsc\src\app\service\show.service.js
C:\Users\Vardaan.s\source\repos\BookMyShowWebAPI\BookMyShowWebAPI\ClientApp\dist\out-tsc\src\app\service\show.service.js.map
C:\Users\Vardaan.s\source\repos\BookMyShowWebAPI\BookMyShowWebAPI\ClientApp\dist\out-tsc\src\app\service\screen.service.js
C:\Users\Vardaan.s\source\repos\BookMyShowWebAPI\BookMyShowWebAPI\ClientApp\dist\out-tsc\src\app\service\screen.service.js.map
C:\Users\Vardaan.s\source\repos\BookMyShowWebAPI\BookMyShowWebAPI\ClientApp\dist\out-tsc\src\app\Model\booking.js
C:\Users\Vardaan.s\source\repos\BookMyShowWebAPI\BookMyShowWebAPI\ClientApp\dist\out-tsc\src\app\Model\booking.js.map
C:\Users\Vardaan.s\source\repos\BookMyShowWebAPI\BookMyShowWebAPI\ClientApp\dist\out-tsc\src\app\service\booking.service.js
C:\Users\Vardaan.s\source\repos\BookMyShowWebAPI\BookMyShowWebAPI\ClientApp\dist\out-tsc\src\app\service\booking.service.js.map
C:\Users\Vardaan.s\source\repos\BookMyShowWebAPI\BookMyShowWebAPI\ClientApp\dist\out-tsc\src\app\movies\movie-detail\show-theater\show-theater.component.js
C:\Users\Vardaan.s\source\repos\BookMyShowWebAPI\BookMyShowWebAPI\ClientApp\dist\out-tsc\src\app\movies\movie-detail\show-theater\show-theater.component.js.map
C:\Users\Vardaan.s\source\repos\BookMyShowWebAPI\BookMyShowWebAPI\ClientApp\dist\out-tsc\src\app\app-routing.module.js
C:\Users\Vardaan.s\source\repos\BookMyShowWebAPI\BookMyShowWebAPI\ClientApp\dist\out-tsc\src\app\app-routing.module.js.map
C:\Users\Vardaan.s\source\repos\BookMyShowWebAPI\BookMyShowWebAPI\ClientApp\dist\out-tsc\src\app\app.component.js
C:\Users\Vardaan.s\source\repos\BookMyShowWebAPI\BookMyShowWebAPI\ClientApp\dist\out-tsc\src\app\app.component.js.map
C:\Users\Vardaan.s\source\repos\BookMyShowWebAPI\BookMyShowWebAPI\ClientApp\dist\out-tsc\src\app\app.module.js
C:\Users\Vardaan.s\source\repos\BookMyShowWebAPI\BookMyShowWebAPI\ClientApp\dist\out-tsc\src\app\app.module.js.map
C:\Users\Vardaan.s\source\repos\BookMyShowWebAPI\BookMyShowWebAPI\ClientApp\dist\out-tsc\src\environments\environment.js
C:\Users\Vardaan.s\source\repos\BookMyShowWebAPI\BookMyShowWebAPI\ClientApp\dist\out-tsc\src\environments\environment.js.map
C:\Users\Vardaan.s\source\repos\BookMyShowWebAPI\BookMyShowWebAPI\ClientApp\dist\out-tsc\src\main.js
C:\Users\Vardaan.s\source\repos\BookMyShowWebAPI\BookMyShowWebAPI\ClientApp\dist\out-tsc\src\main.js.map
C:\Users\Vardaan.s\source\repos\BookMyShowWebAPI\BookMyShowWebAPI\ClientApp\dist\out-tsc\src\polyfills.js
C:\Users\Vardaan.s\source\repos\BookMyShowWebAPI\BookMyShowWebAPI\ClientApp\dist\out-tsc\src\polyfills.js.map
C:\Users\Vardaan.s\source\repos\BookMyShowWebAPI\BookMyShowWebAPI\ClientApp\dist\out-tsc\src\test.js
C:\Users\Vardaan.s\source\repos\BookMyShowWebAPI\BookMyShowWebAPI\ClientApp\dist\out-tsc\src\test.js.map
C:\Users\Vardaan.s\source\repos\BookMyShowWebAPI\BookMyShowWebAPI\ClientApp\dist\out-tsc\src\app\app.component.spec.js
C:\Users\Vardaan.s\source\repos\BookMyShowWebAPI\BookMyShowWebAPI\ClientApp\dist\out-tsc\src\app\app.component.spec.js.map
C:\Users\Vardaan.s\source\repos\BookMyShowWebAPI\BookMyShowWebAPI\ClientApp\dist\out-tsc\src\app\Model\screen.js
C:\Users\Vardaan.s\source\repos\BookMyShowWebAPI\BookMyShowWebAPI\ClientApp\dist\out-tsc\src\app\Model\screen.js.map
C:\Users\Vardaan.s\source\repos\BookMyShowWebAPI\BookMyShowWebAPI\ClientApp\dist\out-tsc\src\app\Model\show.js
C:\Users\Vardaan.s\source\repos\BookMyShowWebAPI\BookMyShowWebAPI\ClientApp\dist\out-tsc\src\app\Model\show.js.map
C:\Users\Vardaan.s\source\repos\BookMyShowWebAPI\BookMyShowWebAPI\ClientApp\dist\out-tsc\src\app\movies\movies.component.spec.js
C:\Users\Vardaan.s\source\repos\BookMyShowWebAPI\BookMyShowWebAPI\ClientApp\dist\out-tsc\src\app\movies\movies.component.spec.js.map
C:\Users\Vardaan.s\source\repos\BookMyShowWebAPI\BookMyShowWebAPI\ClientApp\dist\out-tsc\src\app\movies\movie-detail\movie-detail.component.spec.js
C:\Users\Vardaan.s\source\repos\BookMyShowWebAPI\BookMyShowWebAPI\ClientApp\dist\out-tsc\src\app\movies\movie-detail\movie-detail.component.spec.js.map
C:\Users\Vardaan.s\source\repos\BookMyShowWebAPI\BookMyShowWebAPI\ClientApp\dist\out-tsc\src\app\movies\movie-detail\show-theater\show-theater.component.spec.js
C:\Users\Vardaan.s\source\repos\BookMyShowWebAPI\BookMyShowWebAPI\ClientApp\dist\out-tsc\src\app\movies\movie-detail\show-theater\show-theater.component.spec.js.map
C:\Users\Vardaan.s\source\repos\BookMyShowWebAPI\BookMyShowWebAPI\ClientApp\dist\out-tsc\src\environments\environment.prod.js
C:\Users\Vardaan.s\source\repos\BookMyShowWebAPI\BookMyShowWebAPI\ClientApp\dist\out-tsc\src\environments\environment.prod.js.map
